[debug] [2020-09-18T18:10:37.479Z] ----------------------------------------------------------------------
[debug] [2020-09-18T18:10:37.484Z] Command:       /usr/local/Cellar/node/12.9.1/bin/node /usr/local/bin/firebase emulators:start
[debug] [2020-09-18T18:10:37.484Z] CLI Version:   8.10.0
[debug] [2020-09-18T18:10:37.484Z] Platform:      darwin
[debug] [2020-09-18T18:10:37.485Z] Node Version:  v12.9.1
[debug] [2020-09-18T18:10:37.489Z] Time:          Fri Sep 18 2020 21:10:37 GMT+0300 (Moscow Standard Time)
[debug] [2020-09-18T18:10:37.489Z] ----------------------------------------------------------------------
[debug] [2020-09-18T18:10:37.489Z] 
[debug] [2020-09-18T18:10:37.518Z] > command requires scopes: ["email","openid","https://www.googleapis.com/auth/cloudplatformprojects.readonly","https://www.googleapis.com/auth/firebase","https://www.googleapis.com/auth/cloud-platform"]
[debug] [2020-09-18T18:10:37.519Z] > authorizing via signed-in user
[info] i  emulators: Starting emulators: functions, hosting {"metadata":{"emulator":{"name":"hub"},"message":"Starting emulators: functions, hosting"}}
[debug] [2020-09-18T18:10:37.585Z] [hub] writing locator at /var/folders/5f/rsz1yb0923q9g9rx_knj8y780000gn/T/hub-yx-a8e74.json
[warn] ⚠  functions: The following emulators are not running, calls to these services from the Functions emulator will affect production: firestore, database, pubsub {"metadata":{"emulator":{"name":"functions"},"message":"The following emulators are not running, calls to these services from the Functions emulator will affect production: \u001b[1mfirestore, database, pubsub\u001b[22m"}}
[warn] ⚠  Your requested "node" version "10" doesn't match your global version "12" {"metadata":{"emulator":{"name":"functions"},"message":"Your requested \"node\" version \"10\" doesn't match your global version \"12\""}}
[debug] [2020-09-18T18:10:37.650Z] defaultcredentials: writing to file /Users/Chaku/.config/firebase/sergej_isaeff_gmail.com_application_default_credentials.json
[debug] [2020-09-18T18:10:37.664Z] Setting GAC to /Users/Chaku/.config/firebase/sergej_isaeff_gmail.com_application_default_credentials.json {"metadata":{"emulator":{"name":"functions"},"message":"Setting GAC to /Users/Chaku/.config/firebase/sergej_isaeff_gmail.com_application_default_credentials.json"}}
[debug] [2020-09-18T18:10:37.687Z] > refreshing access token with scopes: ["email","https://www.googleapis.com/auth/cloud-platform","https://www.googleapis.com/auth/cloudplatformprojects.readonly","https://www.googleapis.com/auth/firebase","openid"]
[debug] [2020-09-18T18:10:37.688Z] >>> HTTP REQUEST POST https://www.googleapis.com/oauth2/v3/token  
 <request body omitted>
[debug] [2020-09-18T18:10:37.791Z] <<< HTTP RESPONSE 200 {"content-type":"application/json; charset=utf-8","vary":"X-Origin, Referer, Origin,Accept-Encoding","date":"Fri, 18 Sep 2020 18:10:37 GMT","server":"scaffolding on HTTPServer2","cache-control":"private","x-xss-protection":"0","x-frame-options":"SAMEORIGIN","x-content-type-options":"nosniff","alt-svc":"h3-Q050=\":443\"; ma=2592000,h3-29=\":443\"; ma=2592000,h3-27=\":443\"; ma=2592000,h3-T051=\":443\"; ma=2592000,h3-T050=\":443\"; ma=2592000,h3-Q046=\":443\"; ma=2592000,h3-Q043=\":443\"; ma=2592000,quic=\":443\"; ma=2592000; v=\"46,43\"","accept-ranges":"none","transfer-encoding":"chunked"}
[debug] [2020-09-18T18:10:37.817Z] >>> HTTP REQUEST GET https://firebase.googleapis.com/v1beta1/projects/yx-a8e74/webApps/-/config  
 
[debug] [2020-09-18T18:10:39.304Z] <<< HTTP RESPONSE 200 {"content-type":"application/json; charset=UTF-8","vary":"X-Origin, Referer, Origin,Accept-Encoding","date":"Fri, 18 Sep 2020 18:10:39 GMT","server":"ESF","cache-control":"private","x-xss-protection":"0","x-frame-options":"SAMEORIGIN","x-content-type-options":"nosniff","alt-svc":"h3-Q050=\":443\"; ma=2592000,h3-29=\":443\"; ma=2592000,h3-27=\":443\"; ma=2592000,h3-T051=\":443\"; ma=2592000,h3-T050=\":443\"; ma=2592000,h3-Q046=\":443\"; ma=2592000,h3-Q043=\":443\"; ma=2592000,quic=\":443\"; ma=2592000; v=\"46,43\"","accept-ranges":"none","transfer-encoding":"chunked"}
[info] i  hosting: Serving hosting files from: build {"metadata":{"emulator":{"name":"hosting"},"message":"Serving hosting files from: \u001b[1mbuild\u001b[22m"}}
[info] ✔  hosting: Local server: http://localhost:5000 {"metadata":{"emulator":{"name":"hosting"},"message":"Local server: \u001b[4m\u001b[1mhttp://localhost:5000\u001b[22m\u001b[24m"}}
[warn] ⚠  ui: Emulator UI unable to start on port 4000, starting on 4001 instead. {"metadata":{"emulator":{"name":"ui"},"message":"Emulator UI unable to start on port 4000, starting on 4001 instead."}}
[debug] [2020-09-18T18:10:39.651Z] Ignoring unsupported arg: auto_download {"metadata":{"emulator":{"name":"ui"},"message":"Ignoring unsupported arg: auto_download"}}
[debug] [2020-09-18T18:10:39.651Z] Ignoring unsupported arg: port {"metadata":{"emulator":{"name":"ui"},"message":"Ignoring unsupported arg: port"}}
[debug] [2020-09-18T18:10:39.651Z] Starting Emulator UI with command {"binary":"node","args":["/Users/Chaku/.cache/firebase/emulators/ui-v1.1.1/server.bundle.js"],"optionalArgs":[],"joinArgs":false} {"metadata":{"emulator":{"name":"ui"},"message":"Starting Emulator UI with command {\"binary\":\"node\",\"args\":[\"/Users/Chaku/.cache/firebase/emulators/ui-v1.1.1/server.bundle.js\"],\"optionalArgs\":[],\"joinArgs\":false}"}}
[info] i  ui: Emulator UI logging to ui-debug.log {"metadata":{"emulator":{"name":"ui"},"message":"Emulator UI logging to \u001b[1mui-debug.log\u001b[22m"}}
[debug] [2020-09-18T18:10:39.796Z] Web / API server started at http://localhost:4001
 {"metadata":{"emulator":{"name":"ui"},"message":"Web / API server started at http://localhost:4001\n"}}
[info] i  functions: Watching "/Users/Chaku/Documents/GitHub/react_learning/amazonyx/functions" for Cloud Functions... {"metadata":{"emulator":{"name":"functions"},"message":"Watching \"/Users/Chaku/Documents/GitHub/react_learning/amazonyx/functions\" for Cloud Functions..."}}
[debug] [2020-09-18T18:10:39.929Z] [worker-pool] addWorker(~diagnostic~) {"metadata":{"emulator":{"name":"functions"},"message":"[worker-pool] addWorker(~diagnostic~)"}}
[debug] [2020-09-18T18:10:39.930Z] [worker-pool] Adding worker with key ~diagnostic~, total=1 {"metadata":{"emulator":{"name":"functions"},"message":"[worker-pool] Adding worker with key ~diagnostic~, total=1"}}
[debug] [2020-09-18T18:10:39.930Z] [worker-pool] submitWork(triggerId=) {"metadata":{"emulator":{"name":"functions"},"message":"[worker-pool] submitWork(triggerId=)"}}
[debug] [2020-09-18T18:10:39.930Z] [worker-~diagnostic~-2ca1c19b-c394-4258-8d0a-7bdda0158a5b]: Assigning socketPath: /var/folders/5f/rsz1yb0923q9g9rx_knj8y780000gn/T/fire_emu_7957.sock {"metadata":{"emulator":{"name":"functions"},"message":"[worker-~diagnostic~-2ca1c19b-c394-4258-8d0a-7bdda0158a5b]: Assigning socketPath: /var/folders/5f/rsz1yb0923q9g9rx_knj8y780000gn/T/fire_emu_7957.sock"}}
[debug] [2020-09-18T18:10:39.931Z] [worker-~diagnostic~-2ca1c19b-c394-4258-8d0a-7bdda0158a5b]: BUSY {"metadata":{"emulator":{"name":"functions"},"message":"[worker-~diagnostic~-2ca1c19b-c394-4258-8d0a-7bdda0158a5b]: BUSY"}}
[debug] [2020-09-18T18:10:41.748Z] [runtime-status] [7957] Functions runtime initialized. {"cwd":"/Users/Chaku/Documents/GitHub/react_learning/amazonyx/functions","node_version":"12.9.1"} {"metadata":{"emulator":{"name":"functions"},"message":"[runtime-status] [7957] Functions runtime initialized. {\"cwd\":\"/Users/Chaku/Documents/GitHub/react_learning/amazonyx/functions\",\"node_version\":\"12.9.1\"}"}}
[debug] [2020-09-18T18:10:41.750Z] [runtime-status] [7957] Disabled runtime features: undefined {"metadata":{"emulator":{"name":"functions"},"message":"[runtime-status] [7957] Disabled runtime features: undefined"}}
[debug] [2020-09-18T18:10:41.760Z] [runtime-status] [7957] Resolved module firebase-admin {"declared":true,"installed":true,"version":"8.13.0","resolution":"/Users/Chaku/Documents/GitHub/react_learning/amazonyx/functions/node_modules/firebase-admin/lib/index.js"} {"metadata":{"emulator":{"name":"functions"},"message":"[runtime-status] [7957] Resolved module firebase-admin {\"declared\":true,\"installed\":true,\"version\":\"8.13.0\",\"resolution\":\"/Users/Chaku/Documents/GitHub/react_learning/amazonyx/functions/node_modules/firebase-admin/lib/index.js\"}"}}
[debug] [2020-09-18T18:10:41.765Z] [runtime-status] [7957] Resolved module firebase-functions {"declared":true,"installed":true,"version":"3.11.0","resolution":"/Users/Chaku/Documents/GitHub/react_learning/amazonyx/functions/node_modules/firebase-functions/lib/index.js"} {"metadata":{"emulator":{"name":"functions"},"message":"[runtime-status] [7957] Resolved module firebase-functions {\"declared\":true,\"installed\":true,\"version\":\"3.11.0\",\"resolution\":\"/Users/Chaku/Documents/GitHub/react_learning/amazonyx/functions/node_modules/firebase-functions/lib/index.js\"}"}}
[debug] [2020-09-18T18:10:41.766Z] [runtime-status] [7957] Resolved module firebase-functions {"declared":true,"installed":true,"version":"3.11.0","resolution":"/Users/Chaku/Documents/GitHub/react_learning/amazonyx/functions/node_modules/firebase-functions/lib/index.js"} {"metadata":{"emulator":{"name":"functions"},"message":"[runtime-status] [7957] Resolved module firebase-functions {\"declared\":true,\"installed\":true,\"version\":\"3.11.0\",\"resolution\":\"/Users/Chaku/Documents/GitHub/react_learning/amazonyx/functions/node_modules/firebase-functions/lib/index.js\"}"}}
[debug] [2020-09-18T18:10:41.768Z] [runtime-status] [7957] Outgoing network have been stubbed. [{"name":"http","status":"mocked"},{"name":"http","status":"mocked"},{"name":"https","status":"mocked"},{"name":"https","status":"mocked"},{"name":"net","status":"mocked"}] {"metadata":{"emulator":{"name":"functions"},"message":"[runtime-status] [7957] Outgoing network have been stubbed. [{\"name\":\"http\",\"status\":\"mocked\"},{\"name\":\"http\",\"status\":\"mocked\"},{\"name\":\"https\",\"status\":\"mocked\"},{\"name\":\"https\",\"status\":\"mocked\"},{\"name\":\"net\",\"status\":\"mocked\"}]"}}
[debug] [2020-09-18T18:10:41.769Z] [runtime-status] [7957] Resolved module firebase-functions {"declared":true,"installed":true,"version":"3.11.0","resolution":"/Users/Chaku/Documents/GitHub/react_learning/amazonyx/functions/node_modules/firebase-functions/lib/index.js"} {"metadata":{"emulator":{"name":"functions"},"message":"[runtime-status] [7957] Resolved module firebase-functions {\"declared\":true,\"installed\":true,\"version\":\"3.11.0\",\"resolution\":\"/Users/Chaku/Documents/GitHub/react_learning/amazonyx/functions/node_modules/firebase-functions/lib/index.js\"}"}}
[debug] [2020-09-18T18:10:42.042Z] [runtime-status] [7957] Checked functions.config() {"config":{}} {"metadata":{"emulator":{"name":"functions"},"message":"[runtime-status] [7957] Checked functions.config() {\"config\":{}}"}}
[debug] [2020-09-18T18:10:42.042Z] [runtime-status] [7957] firebase-functions has been stubbed. {"functionsResolution":{"declared":true,"installed":true,"version":"3.11.0","resolution":"/Users/Chaku/Documents/GitHub/react_learning/amazonyx/functions/node_modules/firebase-functions/lib/index.js"}} {"metadata":{"emulator":{"name":"functions"},"message":"[runtime-status] [7957] firebase-functions has been stubbed. {\"functionsResolution\":{\"declared\":true,\"installed\":true,\"version\":\"3.11.0\",\"resolution\":\"/Users/Chaku/Documents/GitHub/react_learning/amazonyx/functions/node_modules/firebase-functions/lib/index.js\"}}"}}
[debug] [2020-09-18T18:10:42.043Z] [runtime-status] [7957] Resolved module firebase-functions {"declared":true,"installed":true,"version":"3.11.0","resolution":"/Users/Chaku/Documents/GitHub/react_learning/amazonyx/functions/node_modules/firebase-functions/lib/index.js"} {"metadata":{"emulator":{"name":"functions"},"message":"[runtime-status] [7957] Resolved module firebase-functions {\"declared\":true,\"installed\":true,\"version\":\"3.11.0\",\"resolution\":\"/Users/Chaku/Documents/GitHub/react_learning/amazonyx/functions/node_modules/firebase-functions/lib/index.js\"}"}}
[debug] [2020-09-18T18:10:42.052Z] [runtime-status] [7957] Resolved module firebase-admin {"declared":true,"installed":true,"version":"8.13.0","resolution":"/Users/Chaku/Documents/GitHub/react_learning/amazonyx/functions/node_modules/firebase-admin/lib/index.js"} {"metadata":{"emulator":{"name":"functions"},"message":"[runtime-status] [7957] Resolved module firebase-admin {\"declared\":true,\"installed\":true,\"version\":\"8.13.0\",\"resolution\":\"/Users/Chaku/Documents/GitHub/react_learning/amazonyx/functions/node_modules/firebase-admin/lib/index.js\"}"}}
[debug] [2020-09-18T18:10:42.052Z] [runtime-status] [7957] Resolved module firebase-functions {"declared":true,"installed":true,"version":"3.11.0","resolution":"/Users/Chaku/Documents/GitHub/react_learning/amazonyx/functions/node_modules/firebase-functions/lib/index.js"} {"metadata":{"emulator":{"name":"functions"},"message":"[runtime-status] [7957] Resolved module firebase-functions {\"declared\":true,\"installed\":true,\"version\":\"3.11.0\",\"resolution\":\"/Users/Chaku/Documents/GitHub/react_learning/amazonyx/functions/node_modules/firebase-functions/lib/index.js\"}"}}
[debug] [2020-09-18T18:10:42.052Z] [runtime-status] [7957] firebase-admin has been stubbed. {"adminResolution":{"declared":true,"installed":true,"version":"8.13.0","resolution":"/Users/Chaku/Documents/GitHub/react_learning/amazonyx/functions/node_modules/firebase-admin/lib/index.js"}} {"metadata":{"emulator":{"name":"functions"},"message":"[runtime-status] [7957] firebase-admin has been stubbed. {\"adminResolution\":{\"declared\":true,\"installed\":true,\"version\":\"8.13.0\",\"resolution\":\"/Users/Chaku/Documents/GitHub/react_learning/amazonyx/functions/node_modules/firebase-admin/lib/index.js\"}}"}}
[info] ✔  functions[api]: http function initialized (http://localhost:5001/yx-a8e74/us-central1/api). {"metadata":{"emulator":{"name":"functions"},"message":"\u001b[1mhttp\u001b[22m function initialized (http://localhost:5001/yx-a8e74/us-central1/api)."}}
[info] 
┌───────────────────────────────────────────────────────────────────────┐
│ ✔  All emulators ready! View status and logs at http://localhost:4001 │
└───────────────────────────────────────────────────────────────────────┘

┌───────────┬────────────────┬─────────────────────────────────┐
│ Emulator  │ Host:Port      │ View in Emulator UI             │
├───────────┼────────────────┼─────────────────────────────────┤
│ Functions │ localhost:5001 │ http://localhost:4001/functions │
├───────────┼────────────────┼─────────────────────────────────┤
│ Hosting   │ localhost:5000 │ n/a                             │
└───────────┴────────────────┴─────────────────────────────────┘
  Other reserved ports: 4400, 4500

Issues? Report them at https://github.com/firebase/firebase-tools/issues and attach the *-debug.log files.
 
[debug] [2020-09-18T18:10:43.109Z] [worker-~diagnostic~-2ca1c19b-c394-4258-8d0a-7bdda0158a5b]: IDLE {"metadata":{"emulator":{"name":"functions"},"message":"[worker-~diagnostic~-2ca1c19b-c394-4258-8d0a-7bdda0158a5b]: IDLE"}}
[debug] [2020-09-18T18:25:53.069Z] [work-queue] {"queueLength":1,"workRunningCount":0}
[debug] [2020-09-18T18:25:53.071Z] [work-queue] {"queueLength":0,"workRunningCount":1}
[debug] [2020-09-18T18:25:53.071Z] Accepted request POST /yx-a8e74/us-central1/api/payments/create?total=29898 --> api
[debug] [2020-09-18T18:25:53.080Z] [worker-pool] addWorker(api) {"metadata":{"emulator":{"name":"functions"},"message":"[worker-pool] addWorker(api)"}}
[debug] [2020-09-18T18:25:53.081Z] [worker-pool] Adding worker with key api, total=1 {"metadata":{"emulator":{"name":"functions"},"message":"[worker-pool] Adding worker with key api, total=1"}}
[debug] [2020-09-18T18:25:53.081Z] [worker-pool] submitWork(triggerId=api) {"metadata":{"emulator":{"name":"functions"},"message":"[worker-pool] submitWork(triggerId=api)"}}
[debug] [2020-09-18T18:25:53.082Z] [worker-api-037b8dc9-ae2b-4378-9a8d-37cd65fb9beb]: Assigning socketPath: /var/folders/5f/rsz1yb0923q9g9rx_knj8y780000gn/T/fire_emu_8006.sock {"metadata":{"emulator":{"name":"functions"},"message":"[worker-api-037b8dc9-ae2b-4378-9a8d-37cd65fb9beb]: Assigning socketPath: /var/folders/5f/rsz1yb0923q9g9rx_knj8y780000gn/T/fire_emu_8006.sock"}}
[debug] [2020-09-18T18:25:53.082Z] [worker-api-037b8dc9-ae2b-4378-9a8d-37cd65fb9beb]: BUSY {"metadata":{"emulator":{"name":"functions"},"message":"[worker-api-037b8dc9-ae2b-4378-9a8d-37cd65fb9beb]: BUSY"}}
[debug] [2020-09-18T18:25:55.263Z] [runtime-status] [8006] Functions runtime initialized. {"cwd":"/Users/Chaku/Documents/GitHub/react_learning/amazonyx/functions","node_version":"12.9.1"} {"metadata":{"emulator":{"name":"functions"},"function":{"name":"api"},"message":"[runtime-status] [8006] Functions runtime initialized. {\"cwd\":\"/Users/Chaku/Documents/GitHub/react_learning/amazonyx/functions\",\"node_version\":\"12.9.1\"}"}}
[debug] [2020-09-18T18:25:55.267Z] [runtime-status] [8006] Disabled runtime features: undefined {"metadata":{"emulator":{"name":"functions"},"function":{"name":"api"},"message":"[runtime-status] [8006] Disabled runtime features: undefined"}}
[debug] [2020-09-18T18:25:55.279Z] [runtime-status] [8006] Resolved module firebase-admin {"declared":true,"installed":true,"version":"8.13.0","resolution":"/Users/Chaku/Documents/GitHub/react_learning/amazonyx/functions/node_modules/firebase-admin/lib/index.js"} {"metadata":{"emulator":{"name":"functions"},"function":{"name":"api"},"message":"[runtime-status] [8006] Resolved module firebase-admin {\"declared\":true,\"installed\":true,\"version\":\"8.13.0\",\"resolution\":\"/Users/Chaku/Documents/GitHub/react_learning/amazonyx/functions/node_modules/firebase-admin/lib/index.js\"}"}}
[debug] [2020-09-18T18:25:55.284Z] [runtime-status] [8006] Resolved module firebase-functions {"declared":true,"installed":true,"version":"3.11.0","resolution":"/Users/Chaku/Documents/GitHub/react_learning/amazonyx/functions/node_modules/firebase-functions/lib/index.js"} {"metadata":{"emulator":{"name":"functions"},"function":{"name":"api"},"message":"[runtime-status] [8006] Resolved module firebase-functions {\"declared\":true,\"installed\":true,\"version\":\"3.11.0\",\"resolution\":\"/Users/Chaku/Documents/GitHub/react_learning/amazonyx/functions/node_modules/firebase-functions/lib/index.js\"}"}}
[debug] [2020-09-18T18:25:55.286Z] [runtime-status] [8006] Resolved module firebase-functions {"declared":true,"installed":true,"version":"3.11.0","resolution":"/Users/Chaku/Documents/GitHub/react_learning/amazonyx/functions/node_modules/firebase-functions/lib/index.js"} {"metadata":{"emulator":{"name":"functions"},"function":{"name":"api"},"message":"[runtime-status] [8006] Resolved module firebase-functions {\"declared\":true,\"installed\":true,\"version\":\"3.11.0\",\"resolution\":\"/Users/Chaku/Documents/GitHub/react_learning/amazonyx/functions/node_modules/firebase-functions/lib/index.js\"}"}}
[debug] [2020-09-18T18:25:55.289Z] [runtime-status] [8006] Outgoing network have been stubbed. [{"name":"http","status":"mocked"},{"name":"http","status":"mocked"},{"name":"https","status":"mocked"},{"name":"https","status":"mocked"},{"name":"net","status":"mocked"}] {"metadata":{"emulator":{"name":"functions"},"function":{"name":"api"},"message":"[runtime-status] [8006] Outgoing network have been stubbed. [{\"name\":\"http\",\"status\":\"mocked\"},{\"name\":\"http\",\"status\":\"mocked\"},{\"name\":\"https\",\"status\":\"mocked\"},{\"name\":\"https\",\"status\":\"mocked\"},{\"name\":\"net\",\"status\":\"mocked\"}]"}}
[debug] [2020-09-18T18:25:55.290Z] [runtime-status] [8006] Resolved module firebase-functions {"declared":true,"installed":true,"version":"3.11.0","resolution":"/Users/Chaku/Documents/GitHub/react_learning/amazonyx/functions/node_modules/firebase-functions/lib/index.js"} {"metadata":{"emulator":{"name":"functions"},"function":{"name":"api"},"message":"[runtime-status] [8006] Resolved module firebase-functions {\"declared\":true,\"installed\":true,\"version\":\"3.11.0\",\"resolution\":\"/Users/Chaku/Documents/GitHub/react_learning/amazonyx/functions/node_modules/firebase-functions/lib/index.js\"}"}}
[debug] [2020-09-18T18:25:55.473Z] [runtime-status] [8006] Checked functions.config() {"config":{}} {"metadata":{"emulator":{"name":"functions"},"function":{"name":"api"},"message":"[runtime-status] [8006] Checked functions.config() {\"config\":{}}"}}
[debug] [2020-09-18T18:25:55.475Z] [runtime-status] [8006] firebase-functions has been stubbed. {"functionsResolution":{"declared":true,"installed":true,"version":"3.11.0","resolution":"/Users/Chaku/Documents/GitHub/react_learning/amazonyx/functions/node_modules/firebase-functions/lib/index.js"}} {"metadata":{"emulator":{"name":"functions"},"function":{"name":"api"},"message":"[runtime-status] [8006] firebase-functions has been stubbed. {\"functionsResolution\":{\"declared\":true,\"installed\":true,\"version\":\"3.11.0\",\"resolution\":\"/Users/Chaku/Documents/GitHub/react_learning/amazonyx/functions/node_modules/firebase-functions/lib/index.js\"}}"}}
[debug] [2020-09-18T18:25:55.478Z] [runtime-status] [8006] Resolved module firebase-functions {"declared":true,"installed":true,"version":"3.11.0","resolution":"/Users/Chaku/Documents/GitHub/react_learning/amazonyx/functions/node_modules/firebase-functions/lib/index.js"} {"metadata":{"emulator":{"name":"functions"},"function":{"name":"api"},"message":"[runtime-status] [8006] Resolved module firebase-functions {\"declared\":true,\"installed\":true,\"version\":\"3.11.0\",\"resolution\":\"/Users/Chaku/Documents/GitHub/react_learning/amazonyx/functions/node_modules/firebase-functions/lib/index.js\"}"}}
[debug] [2020-09-18T18:25:55.480Z] [runtime-status] [8006] Resolved module firebase-admin {"declared":true,"installed":true,"version":"8.13.0","resolution":"/Users/Chaku/Documents/GitHub/react_learning/amazonyx/functions/node_modules/firebase-admin/lib/index.js"} {"metadata":{"emulator":{"name":"functions"},"function":{"name":"api"},"message":"[runtime-status] [8006] Resolved module firebase-admin {\"declared\":true,\"installed\":true,\"version\":\"8.13.0\",\"resolution\":\"/Users/Chaku/Documents/GitHub/react_learning/amazonyx/functions/node_modules/firebase-admin/lib/index.js\"}"}}
[debug] [2020-09-18T18:25:55.480Z] [runtime-status] [8006] Resolved module firebase-functions {"declared":true,"installed":true,"version":"3.11.0","resolution":"/Users/Chaku/Documents/GitHub/react_learning/amazonyx/functions/node_modules/firebase-functions/lib/index.js"} {"metadata":{"emulator":{"name":"functions"},"function":{"name":"api"},"message":"[runtime-status] [8006] Resolved module firebase-functions {\"declared\":true,\"installed\":true,\"version\":\"3.11.0\",\"resolution\":\"/Users/Chaku/Documents/GitHub/react_learning/amazonyx/functions/node_modules/firebase-functions/lib/index.js\"}"}}
[debug] [2020-09-18T18:25:55.481Z] [runtime-status] [8006] firebase-admin has been stubbed. {"adminResolution":{"declared":true,"installed":true,"version":"8.13.0","resolution":"/Users/Chaku/Documents/GitHub/react_learning/amazonyx/functions/node_modules/firebase-admin/lib/index.js"}} {"metadata":{"emulator":{"name":"functions"},"function":{"name":"api"},"message":"[runtime-status] [8006] firebase-admin has been stubbed. {\"adminResolution\":{\"declared\":true,\"installed\":true,\"version\":\"8.13.0\",\"resolution\":\"/Users/Chaku/Documents/GitHub/react_learning/amazonyx/functions/node_modules/firebase-admin/lib/index.js\"}}"}}
[debug] [2020-09-18T18:25:56.340Z] [runtime-status] [8006] Trigger "api" has been found, beginning invocation! {"metadata":{"emulator":{"name":"functions"},"function":{"name":"api"},"message":"[runtime-status] [8006] Trigger \"api\" has been found, beginning invocation!"}}
[info] i  functions: Beginning execution of "api" {"metadata":{"emulator":{"name":"functions"},"function":{"name":"api"},"message":"Beginning execution of \"api\""}}
[debug] [2020-09-18T18:25:56.342Z] [runtime-status] [8006] triggerDefinition {"httpsTrigger":{},"name":"api","entryPoint":"api"} {"metadata":{"emulator":{"name":"functions"},"function":{"name":"api"},"message":"[runtime-status] [8006] triggerDefinition {\"httpsTrigger\":{},\"name\":\"api\",\"entryPoint\":\"api\"}"}}
[debug] [2020-09-18T18:25:56.342Z] [runtime-status] [8006] Running api in mode HTTPS {"metadata":{"emulator":{"name":"functions"},"function":{"name":"api"},"message":"[runtime-status] [8006] Running api in mode HTTPS"}}
[debug] [2020-09-18T18:25:56.355Z] [runtime-status] [8006] Attempting to listen to socketPath: /var/folders/5f/rsz1yb0923q9g9rx_knj8y780000gn/T/fire_emu_8006.sock {"metadata":{"emulator":{"name":"functions"},"function":{"name":"api"},"message":"[runtime-status] [8006] Attempting to listen to socketPath: /var/folders/5f/rsz1yb0923q9g9rx_knj8y780000gn/T/fire_emu_8006.sock"}}
[debug] [2020-09-18T18:25:56.365Z] [functions] Runtime ready! Sending request! {"metadata":{"emulator":{"name":"functions"},"message":"[functions] Runtime ready! Sending request!"}}
[debug] [2020-09-18T18:25:56.406Z] [runtime-status] [8006] Ephemeral server handling POST request {"metadata":{"emulator":{"name":"functions"},"function":{"name":"api"},"message":"[runtime-status] [8006] Ephemeral server handling POST request"}}
[info] >  Payment received BOOM! for this amount >>> 29898 {"user":"Payment received BOOM! for this amount >>> 29898","metadata":{"emulator":{"name":"functions"},"function":{"name":"api"},"message":"\u001b[90m> \u001b[39m Payment received BOOM! for this amount >>> 29898"}}
[debug] [2020-09-18T18:25:56.467Z] [runtime-status] [8006] Ephemeral server survived. {"metadata":{"emulator":{"name":"functions"},"function":{"name":"api"},"message":"[runtime-status] [8006] Ephemeral server survived."}}
[info] i  functions: Finished "api" in ~1s {"metadata":{"emulator":{"name":"functions"},"function":{"name":"api"},"message":"Finished \"api\" in ~1s"}}
[debug] [2020-09-18T18:25:57.246Z] [worker-api-037b8dc9-ae2b-4378-9a8d-37cd65fb9beb]: IDLE {"metadata":{"emulator":{"name":"functions"},"message":"[worker-api-037b8dc9-ae2b-4378-9a8d-37cd65fb9beb]: IDLE"}}
[debug] [2020-09-18T18:25:57.246Z] [work-queue] {"queueLength":0,"workRunningCount":0}
[debug] [2020-09-18T18:26:09.184Z] [work-queue] {"queueLength":1,"workRunningCount":0}
[debug] [2020-09-18T18:26:09.184Z] [work-queue] {"queueLength":0,"workRunningCount":1}
[debug] [2020-09-18T18:26:09.185Z] Accepted request POST /yx-a8e74/us-central1/api/payments/create?total=0 --> api
[debug] [2020-09-18T18:26:09.185Z] [worker-pool] submitWork(triggerId=api) {"metadata":{"emulator":{"name":"functions"},"message":"[worker-pool] submitWork(triggerId=api)"}}
[debug] [2020-09-18T18:26:09.185Z] [worker-api-037b8dc9-ae2b-4378-9a8d-37cd65fb9beb]: Assigning socketPath: /var/folders/5f/rsz1yb0923q9g9rx_knj8y780000gn/T/fire_emu_8006.sock {"metadata":{"emulator":{"name":"functions"},"message":"[worker-api-037b8dc9-ae2b-4378-9a8d-37cd65fb9beb]: Assigning socketPath: /var/folders/5f/rsz1yb0923q9g9rx_knj8y780000gn/T/fire_emu_8006.sock"}}
[debug] [2020-09-18T18:26:09.192Z] [worker-api-037b8dc9-ae2b-4378-9a8d-37cd65fb9beb]: BUSY {"metadata":{"emulator":{"name":"functions"},"message":"[worker-api-037b8dc9-ae2b-4378-9a8d-37cd65fb9beb]: BUSY"}}
[debug] [2020-09-18T18:26:09.195Z] [runtime-status] [8006] Trigger "api" has been found, beginning invocation! {"metadata":{"emulator":{"name":"functions"},"function":{"name":"api"},"message":"[runtime-status] [8006] Trigger \"api\" has been found, beginning invocation!"}}
[info] i  functions: Beginning execution of "api" {"metadata":{"emulator":{"name":"functions"},"function":{"name":"api"},"message":"Beginning execution of \"api\""}}
[debug] [2020-09-18T18:26:09.196Z] [runtime-status] [8006] triggerDefinition {"httpsTrigger":{},"name":"api","entryPoint":"api"} {"metadata":{"emulator":{"name":"functions"},"function":{"name":"api"},"message":"[runtime-status] [8006] triggerDefinition {\"httpsTrigger\":{},\"name\":\"api\",\"entryPoint\":\"api\"}"}}
[debug] [2020-09-18T18:26:09.196Z] [runtime-status] [8006] Running api in mode HTTPS {"metadata":{"emulator":{"name":"functions"},"function":{"name":"api"},"message":"[runtime-status] [8006] Running api in mode HTTPS"}}
[debug] [2020-09-18T18:26:09.196Z] [runtime-status] [8006] Attempting to listen to socketPath: /var/folders/5f/rsz1yb0923q9g9rx_knj8y780000gn/T/fire_emu_8006.sock {"metadata":{"emulator":{"name":"functions"},"function":{"name":"api"},"message":"[runtime-status] [8006] Attempting to listen to socketPath: /var/folders/5f/rsz1yb0923q9g9rx_knj8y780000gn/T/fire_emu_8006.sock"}}
[debug] [2020-09-18T18:26:09.200Z] [functions] Runtime ready! Sending request! {"metadata":{"emulator":{"name":"functions"},"message":"[functions] Runtime ready! Sending request!"}}
[debug] [2020-09-18T18:26:09.208Z] [runtime-status] [8006] Ephemeral server handling POST request {"metadata":{"emulator":{"name":"functions"},"function":{"name":"api"},"message":"[runtime-status] [8006] Ephemeral server handling POST request"}}
[info] >  Payment received BOOM! for this amount >>> 0 {"user":"Payment received BOOM! for this amount >>> 0","metadata":{"emulator":{"name":"functions"},"function":{"name":"api"},"message":"\u001b[90m> \u001b[39m Payment received BOOM! for this amount >>> 0"}}
[debug] [2020-09-18T18:26:09.209Z] [runtime-status] [8006] Ephemeral server survived. {"metadata":{"emulator":{"name":"functions"},"function":{"name":"api"},"message":"[runtime-status] [8006] Ephemeral server survived."}}
[info] >  (node:8006) UnhandledPromiseRejectionWarning: Error: This value must be greater than or equal to 1. {"user":"(node:8006) UnhandledPromiseRejectionWarning: Error: This value must be greater than or equal to 1.","metadata":{"emulator":{"name":"functions"},"function":{"name":"api"},"message":"\u001b[90m> \u001b[39m (node:8006) UnhandledPromiseRejectionWarning: Error: This value must be greater than or equal to 1."}}
[info] >      at Function.generate (/Users/Chaku/Documents/GitHub/react_learning/amazonyx/functions/node_modules/stripe/lib/Error.js:39:16) {"user":"    at Function.generate (/Users/Chaku/Documents/GitHub/react_learning/amazonyx/functions/node_modules/stripe/lib/Error.js:39:16)","metadata":{"emulator":{"name":"functions"},"function":{"name":"api"},"message":"\u001b[90m> \u001b[39m     at Function.generate (/Users/Chaku/Documents/GitHub/react_learning/amazonyx/functions/node_modules/stripe/lib/Error.js:39:16)"}}
[info] >      at IncomingMessage.<anonymous> (/Users/Chaku/Documents/GitHub/react_learning/amazonyx/functions/node_modules/stripe/lib/StripeResource.js:190:33) {"user":"    at IncomingMessage.<anonymous> (/Users/Chaku/Documents/GitHub/react_learning/amazonyx/functions/node_modules/stripe/lib/StripeResource.js:190:33)","metadata":{"emulator":{"name":"functions"},"function":{"name":"api"},"message":"\u001b[90m> \u001b[39m     at IncomingMessage.<anonymous> (/Users/Chaku/Documents/GitHub/react_learning/amazonyx/functions/node_modules/stripe/lib/StripeResource.js:190:33)"}}
[info] >      at Object.onceWrapper (events.js:297:20) {"user":"    at Object.onceWrapper (events.js:297:20)","metadata":{"emulator":{"name":"functions"},"function":{"name":"api"},"message":"\u001b[90m> \u001b[39m     at Object.onceWrapper (events.js:297:20)"}}
[info] >      at IncomingMessage.emit (events.js:214:15) {"user":"    at IncomingMessage.emit (events.js:214:15)","metadata":{"emulator":{"name":"functions"},"function":{"name":"api"},"message":"\u001b[90m> \u001b[39m     at IncomingMessage.emit (events.js:214:15)"}}
[info] >      at endReadableNT (_stream_readable.js:1178:12) {"user":"    at endReadableNT (_stream_readable.js:1178:12)","metadata":{"emulator":{"name":"functions"},"function":{"name":"api"},"message":"\u001b[90m> \u001b[39m     at endReadableNT (_stream_readable.js:1178:12)"}}
[info] >      at processTicksAndRejections (internal/process/task_queues.js:77:11) {"user":"    at processTicksAndRejections (internal/process/task_queues.js:77:11)","metadata":{"emulator":{"name":"functions"},"function":{"name":"api"},"message":"\u001b[90m> \u001b[39m     at processTicksAndRejections (internal/process/task_queues.js:77:11)"}}
[info] >  (node:8006) UnhandledPromiseRejectionWarning: Unhandled promise rejection. This error originated either by throwing inside of an async function without a catch block, or by rejecting a promise which was not handled with .catch(). (rejection id: 1) {"user":"(node:8006) UnhandledPromiseRejectionWarning: Unhandled promise rejection. This error originated either by throwing inside of an async function without a catch block, or by rejecting a promise which was not handled with .catch(). (rejection id: 1)","metadata":{"emulator":{"name":"functions"},"function":{"name":"api"},"message":"\u001b[90m> \u001b[39m (node:8006) UnhandledPromiseRejectionWarning: Unhandled promise rejection. This error originated either by throwing inside of an async function without a catch block, or by rejecting a promise which was not handled with .catch(). (rejection id: 1)"}}
[info] >  (node:8006) [DEP0018] DeprecationWarning: Unhandled promise rejections are deprecated. In the future, promise rejections that are not handled will terminate the Node.js process with a non-zero exit code. {"user":"(node:8006) [DEP0018] DeprecationWarning: Unhandled promise rejections are deprecated. In the future, promise rejections that are not handled will terminate the Node.js process with a non-zero exit code.","metadata":{"emulator":{"name":"functions"},"function":{"name":"api"},"message":"\u001b[90m> \u001b[39m (node:8006) [DEP0018] DeprecationWarning: Unhandled promise rejections are deprecated. In the future, promise rejections that are not handled will terminate the Node.js process with a non-zero exit code."}}
[warn] ⚠  functions: Your function timed out after ~60s. To configure this timeout, see
      https://firebase.google.com/docs/functions/manage-functions#set_timeout_and_memory_allocation. {"metadata":{"emulator":{"name":"functions"},"function":{"name":"api"},"message":"Your function timed out after ~60s. To configure this timeout, see\n      https://firebase.google.com/docs/functions/manage-functions#set_timeout_and_memory_allocation."}}
[info] >  /usr/local/lib/node_modules/firebase-tools/lib/emulator/functionsEmulatorRuntime.js:642 {"user":"/usr/local/lib/node_modules/firebase-tools/lib/emulator/functionsEmulatorRuntime.js:642","metadata":{"emulator":{"name":"functions"},"function":{"name":"api"},"message":"\u001b[90m> \u001b[39m /usr/local/lib/node_modules/firebase-tools/lib/emulator/functionsEmulatorRuntime.js:642"}}
[info] >                  throw new Error("Function timed out."); {"user":"                throw new Error(\"Function timed out.\");","metadata":{"emulator":{"name":"functions"},"function":{"name":"api"},"message":"\u001b[90m> \u001b[39m                 throw new Error(\"Function timed out.\");"}}
[info] >                  ^ {"user":"                ^","metadata":{"emulator":{"name":"functions"},"function":{"name":"api"},"message":"\u001b[90m> \u001b[39m                 ^"}}
[info] >   {"user":"","metadata":{"emulator":{"name":"functions"},"function":{"name":"api"},"message":"\u001b[90m> \u001b[39m "}}
[info] >  Error: Function timed out. {"user":"Error: Function timed out.","metadata":{"emulator":{"name":"functions"},"function":{"name":"api"},"message":"\u001b[90m> \u001b[39m Error: Function timed out."}}
[info] >      at Timeout._onTimeout (/usr/local/lib/node_modules/firebase-tools/lib/emulator/functionsEmulatorRuntime.js:642:23) {"user":"    at Timeout._onTimeout (/usr/local/lib/node_modules/firebase-tools/lib/emulator/functionsEmulatorRuntime.js:642:23)","metadata":{"emulator":{"name":"functions"},"function":{"name":"api"},"message":"\u001b[90m> \u001b[39m     at Timeout._onTimeout (/usr/local/lib/node_modules/firebase-tools/lib/emulator/functionsEmulatorRuntime.js:642:23)"}}
[info] >      at listOnTimeout (internal/timers.js:531:17) {"user":"    at listOnTimeout (internal/timers.js:531:17)","metadata":{"emulator":{"name":"functions"},"function":{"name":"api"},"message":"\u001b[90m> \u001b[39m     at listOnTimeout (internal/timers.js:531:17)"}}
[info] >      at processTimers (internal/timers.js:475:7) {"user":"    at processTimers (internal/timers.js:475:7)","metadata":{"emulator":{"name":"functions"},"function":{"name":"api"},"message":"\u001b[90m> \u001b[39m     at processTimers (internal/timers.js:475:7)"}}
[debug] [2020-09-18T18:27:09.226Z] [worker-api-037b8dc9-ae2b-4378-9a8d-37cd65fb9beb]: exited {"metadata":{"emulator":{"name":"functions"},"message":"[worker-api-037b8dc9-ae2b-4378-9a8d-37cd65fb9beb]: exited"}}
[debug] [2020-09-18T18:27:09.227Z] [worker-api-037b8dc9-ae2b-4378-9a8d-37cd65fb9beb]: FINISHED {"metadata":{"emulator":{"name":"functions"},"message":"[worker-api-037b8dc9-ae2b-4378-9a8d-37cd65fb9beb]: FINISHED"}}
[debug] [2020-09-18T18:27:09.227Z] [work-queue] {"queueLength":0,"workRunningCount":0}
